-------------------------------------------------------------------------------
Test set: com.ecommerce.webapp.ECommerceWebappApplicationTests
-------------------------------------------------------------------------------
Tests run: 1, Failures: 0, Errors: 1, Skipped: 0, Time elapsed: 5.123 s <<< FAILURE! - in com.ecommerce.webapp.ECommerceWebappApplicationTests
contextLoads  Time elapsed: 0.01 s  <<< ERROR!
java.lang.IllegalStateException: Failed to load ApplicationContext for [WebMergedContextConfiguration@4bf10fe1 testClass = com.ecommerce.webapp.ECommerceWebappApplicationTests, locations = [], classes = [com.ecommerce.webapp.ECommerceWebappApplication], contextInitializerClasses = [], activeProfiles = [], propertySourceLocations = [], propertySourceProperties = ["org.springframework.boot.test.context.SpringBootTestContextBootstrapper=true"], contextCustomizers = [org.springframework.boot.test.context.filter.ExcludeFilterContextCustomizer@6853425f, org.springframework.boot.test.json.DuplicateJsonObjectContextCustomizerFactory$DuplicateJsonObjectContextCustomizer@7d898981, org.springframework.boot.test.mock.mockito.MockitoContextCustomizer@0, org.springframework.boot.test.web.client.TestRestTemplateContextCustomizer@6d07a63d, org.springframework.boot.test.autoconfigure.actuate.observability.ObservabilityContextCustomizerFactory$DisableObservabilityContextCustomizer@9da1, org.springframework.boot.test.autoconfigure.properties.PropertyMappingContextCustomizer@0, org.springframework.boot.test.autoconfigure.web.servlet.WebDriverContextCustomizerFactory$Customizer@6f7923a5, org.springframework.boot.test.context.SpringBootTestAnnotation@2f2ed0f], resourceBasePath = "src/main/webapp", contextLoader = org.springframework.boot.test.context.SpringBootContextLoader, parent = null]
Caused by: org.springframework.beans.factory.BeanCreationException: Error creating bean with name 'entityManagerFactory' defined in class path resource [org/springframework/boot/autoconfigure/orm/jpa/HibernateJpaConfiguration.class]: [PersistenceUnit: default] Unable to build Hibernate SessionFactory; nested exception is java.lang.RuntimeException: Driver org.postgresql.Driver claims to not accept jdbcUrl, jdbc:postgres://e_commerce_db_3x2g_user:BUmcMHEHfMjv93sbZQkA8Ezdhmss6d00@dpg-chh1bf2k728sd6n47cn0-a/e_commerce_db_3x2g
Caused by: jakarta.persistence.PersistenceException: [PersistenceUnit: default] Unable to build Hibernate SessionFactory; nested exception is java.lang.RuntimeException: Driver org.postgresql.Driver claims to not accept jdbcUrl, jdbc:postgres://e_commerce_db_3x2g_user:BUmcMHEHfMjv93sbZQkA8Ezdhmss6d00@dpg-chh1bf2k728sd6n47cn0-a/e_commerce_db_3x2g
Caused by: java.lang.RuntimeException: Driver org.postgresql.Driver claims to not accept jdbcUrl, jdbc:postgres://e_commerce_db_3x2g_user:BUmcMHEHfMjv93sbZQkA8Ezdhmss6d00@dpg-chh1bf2k728sd6n47cn0-a/e_commerce_db_3x2g

